2013-07-06 13:53:17,403 [Worker-12] INFO  o.e.m.c.i.i.nexus.NexusIndexManager - Updating index for repository: snapshots|http://localhost:8081/artifactory/plugins-snapshot
2013-07-06 13:53:17,636 [Worker-12] INFO  c.n.h.c.p.n.NettyAsyncHttpProvider - Number of application's worked threads is 8
2013-07-06 13:53:17,973 [Worker-12] ERROR o.e.m.c.i.i.nexus.NexusIndexManager - Unable to update index for snapshots|http://localhost:8081/artifactory/plugins-snapshot
java.io.IOException: Server returned status code 404: Not Found
	at org.eclipse.m2e.core.internal.index.nexus.AsyncFetcher$PipedErrorInputStream.checkError(AsyncFetcher.java:250) ~[org.eclipse.m2e.core_1.3.1.20130219-1424.jar:na]
	at org.eclipse.m2e.core.internal.index.nexus.AsyncFetcher$PipedErrorInputStream.read(AsyncFetcher.java:258) ~[org.eclipse.m2e.core_1.3.1.20130219-1424.jar:na]
	at java.io.PipedInputStream.read(Unknown Source) ~[na:1.7.0_03]
	at java.io.InputStream.read(Unknown Source) ~[na:1.7.0_03]
	at java.util.Properties$LineReader.readLine(Unknown Source) ~[na:1.7.0_03]
	at java.util.Properties.load0(Unknown Source) ~[na:1.7.0_03]
	at java.util.Properties.load(Unknown Source) ~[na:1.7.0_03]
	at org.apache.maven.index.updater.DefaultIndexUpdater.downloadIndexProperties(DefaultIndexUpdater.java:457) ~[indexer-core-3.1.0.jar:3.1.0]
	at org.apache.maven.index.updater.DefaultIndexUpdater.access$100(DefaultIndexUpdater.java:75) ~[indexer-core-3.1.0.jar:3.1.0]
	at org.apache.maven.index.updater.DefaultIndexUpdater$IndexAdaptor.setProperties(DefaultIndexUpdater.java:607) ~[indexer-core-3.1.0.jar:3.1.0]
	at org.apache.maven.index.updater.DefaultIndexUpdater.fetchAndUpdateIndex(DefaultIndexUpdater.java:788) ~[indexer-core-3.1.0.jar:3.1.0]
	at org.apache.maven.index.updater.DefaultIndexUpdater.fetchAndUpdateIndex(DefaultIndexUpdater.java:135) ~[indexer-core-3.1.0.jar:3.1.0]
	at org.eclipse.m2e.core.internal.index.nexus.NexusIndexManager.updateRemoteIndex(NexusIndexManager.java:1123) [org.eclipse.m2e.core_1.3.1.20130219-1424.jar:na]
	at org.eclipse.m2e.core.internal.index.nexus.NexusIndexManager.updateIndex(NexusIndexManager.java:1080) [org.eclipse.m2e.core_1.3.1.20130219-1424.jar:na]
	at org.eclipse.m2e.core.internal.index.nexus.NexusIndexManager$1.run(NexusIndexManager.java:657) [org.eclipse.m2e.core_1.3.1.20130219-1424.jar:na]
	at org.eclipse.m2e.core.internal.index.nexus.IndexUpdaterJob.run(IndexUpdaterJob.java:72) [org.eclipse.m2e.core_1.3.1.20130219-1424.jar:na]
	at org.eclipse.core.internal.jobs.Worker.run(Worker.java:53) [org.eclipse.core.jobs_3.5.300.v20120912-155018.jar:na]
java.io.IOException: Server returned status code 404: Not Found
	at org.eclipse.m2e.core.internal.index.nexus.AsyncFetcher$MonitorListener.onStatus(AsyncFetcher.java:280) ~[na:na]
	at com.ning.http.client.SimpleAsyncHttpClient$BodyConsumerAsyncHandler.fireStatus(SimpleAsyncHttpClient.java:828) ~[na:na]
	at com.ning.http.client.SimpleAsyncHttpClient$BodyConsumerAsyncHandler.onStatusReceived(SimpleAsyncHttpClient.java:779) ~[na:na]
	at com.ning.http.client.providers.netty.NettyAsyncHttpProvider.updateStatusAndInterrupt(NettyAsyncHttpProvider.java:1587) ~[na:na]
	at com.ning.http.client.providers.netty.NettyAsyncHttpProvider.messageReceived(NettyAsyncHttpProvider.java:1242) ~[na:na]
	at org.jboss.netty.channel.SimpleChannelUpstreamHandler.handleUpstream(SimpleChannelUpstreamHandler.java:80) ~[na:na]
	at org.jboss.netty.channel.DefaultChannelPipeline.sendUpstream(DefaultChannelPipeline.java:564) ~[na:na]
	at org.jboss.netty.channel.DefaultChannelPipeline$DefaultChannelHandlerContext.sendUpstream(DefaultChannelPipeline.java:783) ~[na:na]
	at org.jboss.netty.handler.stream.ChunkedWriteHandler.handleUpstream(ChunkedWriteHandler.java:149) ~[na:na]
	at org.jboss.netty.channel.DefaultChannelPipeline.sendUpstream(DefaultChannelPipeline.java:564) ~[na:na]
	at org.jboss.netty.channel.DefaultChannelPipeline$DefaultChannelHandlerContext.sendUpstream(DefaultChannelPipeline.java:783) ~[na:na]
	at org.jboss.netty.handler.codec.http.HttpContentDecoder.messageReceived(HttpContentDecoder.java:104) ~[na:na]
	at org.jboss.netty.channel.SimpleChannelUpstreamHandler.handleUpstream(SimpleChannelUpstreamHandler.java:80) ~[na:na]
	at org.jboss.netty.channel.DefaultChannelPipeline.sendUpstream(DefaultChannelPipeline.java:564) ~[na:na]
	at org.jboss.netty.channel.DefaultChannelPipeline$DefaultChannelHandlerContext.sendUpstream(DefaultChannelPipeline.java:783) ~[na:na]
	at org.jboss.netty.channel.Channels.fireMessageReceived(Channels.java:302) ~[na:na]
	at org.jboss.netty.handler.codec.replay.ReplayingDecoder.unfoldAndFireMessageReceived(ReplayingDecoder.java:522) ~[na:na]
	at org.jboss.netty.handler.codec.replay.ReplayingDecoder.callDecode(ReplayingDecoder.java:506) ~[na:na]
	at org.jboss.netty.handler.codec.replay.ReplayingDecoder.messageReceived(ReplayingDecoder.java:443) ~[na:na]
	at org.jboss.netty.channel.SimpleChannelUpstreamHandler.handleUpstream(SimpleChannelUpstreamHandler.java:80) ~[na:na]
	at org.jboss.netty.handler.codec.http.HttpClientCodec.handleUpstream(HttpClientCodec.java:77) ~[na:na]
	at org.jboss.netty.channel.DefaultChannelPipeline.sendUpstream(DefaultChannelPipeline.java:564) ~[na:na]
	at org.jboss.netty.channel.DefaultChannelPipeline.sendUpstream(DefaultChannelPipeline.java:559) ~[na:na]
	at org.jboss.netty.channel.Channels.fireMessageReceived(Channels.java:274) ~[na:na]
	at org.jboss.netty.channel.Channels.fireMessageReceived(Channels.java:261) ~[na:na]
	at org.jboss.netty.channel.socket.nio.NioWorker.read(NioWorker.java:349) ~[na:na]
	at org.jboss.netty.channel.socket.nio.NioWorker.processSelectedKeys(NioWorker.java:280) ~[na:na]
	at org.jboss.netty.channel.socket.nio.NioWorker.run(NioWorker.java:200) ~[na:na]
	at org.jboss.netty.util.ThreadRenamingRunnable.run(ThreadRenamingRunnable.java:108) ~[na:na]
	at org.jboss.netty.util.internal.DeadLockProofWorker$1.run(DeadLockProofWorker.java:44) ~[na:na]
	at java.util.concurrent.ThreadPoolExecutor.runWorker(Unknown Source) ~[na:1.7.0_03]
	at java.util.concurrent.ThreadPoolExecutor$Worker.run(Unknown Source) ~[na:1.7.0_03]
	at java.lang.Thread.run(Unknown Source) ~[na:1.7.0_03]
2013-07-06 13:53:17,977 [Worker-12] INFO  o.e.m.c.i.i.nexus.NexusIndexManager - Updating index for repository: central|http://localhost:8081/artifactory/plugins-release
2013-07-06 13:53:17,979 [Worker-12] INFO  c.n.h.c.p.n.NettyAsyncHttpProvider - Number of application's worked threads is 8
2013-07-06 13:53:18,028 [Worker-12] ERROR o.e.m.c.i.i.nexus.NexusIndexManager - Unable to update index for central|http://localhost:8081/artifactory/plugins-release
java.io.IOException: Server returned status code 404: Not Found
	at org.eclipse.m2e.core.internal.index.nexus.AsyncFetcher$PipedErrorInputStream.checkError(AsyncFetcher.java:250) ~[org.eclipse.m2e.core_1.3.1.20130219-1424.jar:na]
	at org.eclipse.m2e.core.internal.index.nexus.AsyncFetcher$PipedErrorInputStream.read(AsyncFetcher.java:258) ~[org.eclipse.m2e.core_1.3.1.20130219-1424.jar:na]
	at java.io.PipedInputStream.read(Unknown Source) ~[na:1.7.0_03]
	at java.io.InputStream.read(Unknown Source) ~[na:1.7.0_03]
	at java.util.Properties$LineReader.readLine(Unknown Source) ~[na:1.7.0_03]
	at java.util.Properties.load0(Unknown Source) ~[na:1.7.0_03]
	at java.util.Properties.load(Unknown Source) ~[na:1.7.0_03]
	at org.apache.maven.index.updater.DefaultIndexUpdater.downloadIndexProperties(DefaultIndexUpdater.java:457) ~[indexer-core-3.1.0.jar:3.1.0]
	at org.apache.maven.index.updater.DefaultIndexUpdater.access$100(DefaultIndexUpdater.java:75) ~[indexer-core-3.1.0.jar:3.1.0]
	at org.apache.maven.index.updater.DefaultIndexUpdater$IndexAdaptor.setProperties(DefaultIndexUpdater.java:607) ~[indexer-core-3.1.0.jar:3.1.0]
	at org.apache.maven.index.updater.DefaultIndexUpdater.fetchAndUpdateIndex(DefaultIndexUpdater.java:788) ~[indexer-core-3.1.0.jar:3.1.0]
	at org.apache.maven.index.updater.DefaultIndexUpdater.fetchAndUpdateIndex(DefaultIndexUpdater.java:135) ~[indexer-core-3.1.0.jar:3.1.0]
	at org.eclipse.m2e.core.internal.index.nexus.NexusIndexManager.updateRemoteIndex(NexusIndexManager.java:1123) [org.eclipse.m2e.core_1.3.1.20130219-1424.jar:na]
	at org.eclipse.m2e.core.internal.index.nexus.NexusIndexManager.updateIndex(NexusIndexManager.java:1080) [org.eclipse.m2e.core_1.3.1.20130219-1424.jar:na]
	at org.eclipse.m2e.core.internal.index.nexus.NexusIndexManager$1.run(NexusIndexManager.java:657) [org.eclipse.m2e.core_1.3.1.20130219-1424.jar:na]
	at org.eclipse.m2e.core.internal.index.nexus.IndexUpdaterJob.run(IndexUpdaterJob.java:72) [org.eclipse.m2e.core_1.3.1.20130219-1424.jar:na]
	at org.eclipse.core.internal.jobs.Worker.run(Worker.java:53) [org.eclipse.core.jobs_3.5.300.v20120912-155018.jar:na]
java.io.IOException: Server returned status code 404: Not Found
	at org.eclipse.m2e.core.internal.index.nexus.AsyncFetcher$MonitorListener.onStatus(AsyncFetcher.java:280) ~[na:na]
	at com.ning.http.client.SimpleAsyncHttpClient$BodyConsumerAsyncHandler.fireStatus(SimpleAsyncHttpClient.java:828) ~[na:na]
	at com.ning.http.client.SimpleAsyncHttpClient$BodyConsumerAsyncHandler.onStatusReceived(SimpleAsyncHttpClient.java:779) ~[na:na]
	at com.ning.http.client.providers.netty.NettyAsyncHttpProvider.updateStatusAndInterrupt(NettyAsyncHttpProvider.java:1587) ~[na:na]
	at com.ning.http.client.providers.netty.NettyAsyncHttpProvider.messageReceived(NettyAsyncHttpProvider.java:1242) ~[na:na]
	at org.jboss.netty.channel.SimpleChannelUpstreamHandler.handleUpstream(SimpleChannelUpstreamHandler.java:80) ~[na:na]
	at org.jboss.netty.channel.DefaultChannelPipeline.sendUpstream(DefaultChannelPipeline.java:564) ~[na:na]
	at org.jboss.netty.channel.DefaultChannelPipeline$DefaultChannelHandlerContext.sendUpstream(DefaultChannelPipeline.java:783) ~[na:na]
	at org.jboss.netty.handler.stream.ChunkedWriteHandler.handleUpstream(ChunkedWriteHandler.java:149) ~[na:na]
	at org.jboss.netty.channel.DefaultChannelPipeline.sendUpstream(DefaultChannelPipeline.java:564) ~[na:na]
	at org.jboss.netty.channel.DefaultChannelPipeline$DefaultChannelHandlerContext.sendUpstream(DefaultChannelPipeline.java:783) ~[na:na]
	at org.jboss.netty.handler.codec.http.HttpContentDecoder.messageReceived(HttpContentDecoder.java:104) ~[na:na]
	at org.jboss.netty.channel.SimpleChannelUpstreamHandler.handleUpstream(SimpleChannelUpstreamHandler.java:80) ~[na:na]
	at org.jboss.netty.channel.DefaultChannelPipeline.sendUpstream(DefaultChannelPipeline.java:564) ~[na:na]
	at org.jboss.netty.channel.DefaultChannelPipeline$DefaultChannelHandlerContext.sendUpstream(DefaultChannelPipeline.java:783) ~[na:na]
	at org.jboss.netty.channel.Channels.fireMessageReceived(Channels.java:302) ~[na:na]
	at org.jboss.netty.handler.codec.replay.ReplayingDecoder.unfoldAndFireMessageReceived(ReplayingDecoder.java:522) ~[na:na]
	at org.jboss.netty.handler.codec.replay.ReplayingDecoder.callDecode(ReplayingDecoder.java:506) ~[na:na]
	at org.jboss.netty.handler.codec.replay.ReplayingDecoder.messageReceived(ReplayingDecoder.java:443) ~[na:na]
	at org.jboss.netty.channel.SimpleChannelUpstreamHandler.handleUpstream(SimpleChannelUpstreamHandler.java:80) ~[na:na]
	at org.jboss.netty.handler.codec.http.HttpClientCodec.handleUpstream(HttpClientCodec.java:77) ~[na:na]
	at org.jboss.netty.channel.DefaultChannelPipeline.sendUpstream(DefaultChannelPipeline.java:564) ~[na:na]
	at org.jboss.netty.channel.DefaultChannelPipeline.sendUpstream(DefaultChannelPipeline.java:559) ~[na:na]
	at org.jboss.netty.channel.Channels.fireMessageReceived(Channels.java:274) ~[na:na]
	at org.jboss.netty.channel.Channels.fireMessageReceived(Channels.java:261) ~[na:na]
	at org.jboss.netty.channel.socket.nio.NioWorker.read(NioWorker.java:349) ~[na:na]
	at org.jboss.netty.channel.socket.nio.NioWorker.processSelectedKeys(NioWorker.java:280) ~[na:na]
	at org.jboss.netty.channel.socket.nio.NioWorker.run(NioWorker.java:200) ~[na:na]
	at org.jboss.netty.util.ThreadRenamingRunnable.run(ThreadRenamingRunnable.java:108) ~[na:na]
	at org.jboss.netty.util.internal.DeadLockProofWorker$1.run(DeadLockProofWorker.java:44) ~[na:na]
	at java.util.concurrent.ThreadPoolExecutor.runWorker(Unknown Source) ~[na:1.7.0_03]
	at java.util.concurrent.ThreadPoolExecutor$Worker.run(Unknown Source) ~[na:1.7.0_03]
	at java.lang.Thread.run(Unknown Source) ~[na:1.7.0_03]
2013-07-06 13:53:18,032 [Worker-12] INFO  o.e.m.c.i.i.nexus.NexusIndexManager - Updating index for repository: snapshots|http://localhost:8081/artifactory/libs-snapshot
2013-07-06 13:53:18,033 [Worker-12] INFO  c.n.h.c.p.n.NettyAsyncHttpProvider - Number of application's worked threads is 8
2013-07-06 13:53:18,111 [Worker-12] ERROR o.e.m.c.i.i.nexus.NexusIndexManager - Unable to update index for snapshots|http://localhost:8081/artifactory/libs-snapshot
java.io.IOException: Server returned status code 404: Not Found
	at org.eclipse.m2e.core.internal.index.nexus.AsyncFetcher$PipedErrorInputStream.checkError(AsyncFetcher.java:250) ~[org.eclipse.m2e.core_1.3.1.20130219-1424.jar:na]
	at org.eclipse.m2e.core.internal.index.nexus.AsyncFetcher$PipedErrorInputStream.read(AsyncFetcher.java:258) ~[org.eclipse.m2e.core_1.3.1.20130219-1424.jar:na]
	at java.io.PipedInputStream.read(Unknown Source) ~[na:1.7.0_03]
	at java.io.InputStream.read(Unknown Source) ~[na:1.7.0_03]
	at java.util.Properties$LineReader.readLine(Unknown Source) ~[na:1.7.0_03]
	at java.util.Properties.load0(Unknown Source) ~[na:1.7.0_03]
	at java.util.Properties.load(Unknown Source) ~[na:1.7.0_03]
	at org.apache.maven.index.updater.DefaultIndexUpdater.downloadIndexProperties(DefaultIndexUpdater.java:457) ~[indexer-core-3.1.0.jar:3.1.0]
	at org.apache.maven.index.updater.DefaultIndexUpdater.access$100(DefaultIndexUpdater.java:75) ~[indexer-core-3.1.0.jar:3.1.0]
	at org.apache.maven.index.updater.DefaultIndexUpdater$IndexAdaptor.setProperties(DefaultIndexUpdater.java:607) ~[indexer-core-3.1.0.jar:3.1.0]
	at org.apache.maven.index.updater.DefaultIndexUpdater.fetchAndUpdateIndex(DefaultIndexUpdater.java:788) ~[indexer-core-3.1.0.jar:3.1.0]
	at org.apache.maven.index.updater.DefaultIndexUpdater.fetchAndUpdateIndex(DefaultIndexUpdater.java:135) ~[indexer-core-3.1.0.jar:3.1.0]
	at org.eclipse.m2e.core.internal.index.nexus.NexusIndexManager.updateRemoteIndex(NexusIndexManager.java:1123) [org.eclipse.m2e.core_1.3.1.20130219-1424.jar:na]
	at org.eclipse.m2e.core.internal.index.nexus.NexusIndexManager.updateIndex(NexusIndexManager.java:1080) [org.eclipse.m2e.core_1.3.1.20130219-1424.jar:na]
	at org.eclipse.m2e.core.internal.index.nexus.NexusIndexManager$1.run(NexusIndexManager.java:657) [org.eclipse.m2e.core_1.3.1.20130219-1424.jar:na]
	at org.eclipse.m2e.core.internal.index.nexus.IndexUpdaterJob.run(IndexUpdaterJob.java:72) [org.eclipse.m2e.core_1.3.1.20130219-1424.jar:na]
	at org.eclipse.core.internal.jobs.Worker.run(Worker.java:53) [org.eclipse.core.jobs_3.5.300.v20120912-155018.jar:na]
java.io.IOException: Server returned status code 404: Not Found
	at org.eclipse.m2e.core.internal.index.nexus.AsyncFetcher$MonitorListener.onStatus(AsyncFetcher.java:280) ~[na:na]
	at com.ning.http.client.SimpleAsyncHttpClient$BodyConsumerAsyncHandler.fireStatus(SimpleAsyncHttpClient.java:828) ~[na:na]
	at com.ning.http.client.SimpleAsyncHttpClient$BodyConsumerAsyncHandler.onStatusReceived(SimpleAsyncHttpClient.java:779) ~[na:na]
	at com.ning.http.client.providers.netty.NettyAsyncHttpProvider.updateStatusAndInterrupt(NettyAsyncHttpProvider.java:1587) ~[na:na]
	at com.ning.http.client.providers.netty.NettyAsyncHttpProvider.messageReceived(NettyAsyncHttpProvider.java:1242) ~[na:na]
	at org.jboss.netty.channel.SimpleChannelUpstreamHandler.handleUpstream(SimpleChannelUpstreamHandler.java:80) ~[na:na]
	at org.jboss.netty.channel.DefaultChannelPipeline.sendUpstream(DefaultChannelPipeline.java:564) ~[na:na]
	at org.jboss.netty.channel.DefaultChannelPipeline$DefaultChannelHandlerContext.sendUpstream(DefaultChannelPipeline.java:783) ~[na:na]
	at org.jboss.netty.handler.stream.ChunkedWriteHandler.handleUpstream(ChunkedWriteHandler.java:149) ~[na:na]
	at org.jboss.netty.channel.DefaultChannelPipeline.sendUpstream(DefaultChannelPipeline.java:564) ~[na:na]
	at org.jboss.netty.channel.DefaultChannelPipeline$DefaultChannelHandlerContext.sendUpstream(DefaultChannelPipeline.java:783) ~[na:na]
	at org.jboss.netty.handler.codec.http.HttpContentDecoder.messageReceived(HttpContentDecoder.java:104) ~[na:na]
	at org.jboss.netty.channel.SimpleChannelUpstreamHandler.handleUpstream(SimpleChannelUpstreamHandler.java:80) ~[na:na]
	at org.jboss.netty.channel.DefaultChannelPipeline.sendUpstream(DefaultChannelPipeline.java:564) ~[na:na]
	at org.jboss.netty.channel.DefaultChannelPipeline$DefaultChannelHandlerContext.sendUpstream(DefaultChannelPipeline.java:783) ~[na:na]
	at org.jboss.netty.channel.Channels.fireMessageReceived(Channels.java:302) ~[na:na]
	at org.jboss.netty.handler.codec.replay.ReplayingDecoder.unfoldAndFireMessageReceived(ReplayingDecoder.java:522) ~[na:na]
	at org.jboss.netty.handler.codec.replay.ReplayingDecoder.callDecode(ReplayingDecoder.java:506) ~[na:na]
	at org.jboss.netty.handler.codec.replay.ReplayingDecoder.messageReceived(ReplayingDecoder.java:443) ~[na:na]
	at org.jboss.netty.channel.SimpleChannelUpstreamHandler.handleUpstream(SimpleChannelUpstreamHandler.java:80) ~[na:na]
	at org.jboss.netty.handler.codec.http.HttpClientCodec.handleUpstream(HttpClientCodec.java:77) ~[na:na]
	at org.jboss.netty.channel.DefaultChannelPipeline.sendUpstream(DefaultChannelPipeline.java:564) ~[na:na]
	at org.jboss.netty.channel.DefaultChannelPipeline.sendUpstream(DefaultChannelPipeline.java:559) ~[na:na]
	at org.jboss.netty.channel.Channels.fireMessageReceived(Channels.java:274) ~[na:na]
	at org.jboss.netty.channel.Channels.fireMessageReceived(Channels.java:261) ~[na:na]
	at org.jboss.netty.channel.socket.nio.NioWorker.read(NioWorker.java:349) ~[na:na]
	at org.jboss.netty.channel.socket.nio.NioWorker.processSelectedKeys(NioWorker.java:280) ~[na:na]
	at org.jboss.netty.channel.socket.nio.NioWorker.run(NioWorker.java:200) ~[na:na]
	at org.jboss.netty.util.ThreadRenamingRunnable.run(ThreadRenamingRunnable.java:108) ~[na:na]
	at org.jboss.netty.util.internal.DeadLockProofWorker$1.run(DeadLockProofWorker.java:44) ~[na:na]
	at java.util.concurrent.ThreadPoolExecutor.runWorker(Unknown Source) ~[na:1.7.0_03]
	at java.util.concurrent.ThreadPoolExecutor$Worker.run(Unknown Source) ~[na:1.7.0_03]
	at java.lang.Thread.run(Unknown Source) ~[na:1.7.0_03]
2013-07-06 13:53:18,117 [Worker-12] INFO  o.e.m.c.i.i.nexus.NexusIndexManager - Updating index for repository: central|http://localhost:8081/artifactory/libs-release
2013-07-06 13:53:18,119 [Worker-12] INFO  c.n.h.c.p.n.NettyAsyncHttpProvider - Number of application's worked threads is 8
2013-07-06 13:53:18,169 [Worker-12] ERROR o.e.m.c.i.i.nexus.NexusIndexManager - Unable to update index for central|http://localhost:8081/artifactory/libs-release
java.io.IOException: Server returned status code 404: Not Found
	at org.eclipse.m2e.core.internal.index.nexus.AsyncFetcher$PipedErrorInputStream.checkError(AsyncFetcher.java:250) ~[org.eclipse.m2e.core_1.3.1.20130219-1424.jar:na]
	at org.eclipse.m2e.core.internal.index.nexus.AsyncFetcher$PipedErrorInputStream.read(AsyncFetcher.java:258) ~[org.eclipse.m2e.core_1.3.1.20130219-1424.jar:na]
	at java.io.PipedInputStream.read(Unknown Source) ~[na:1.7.0_03]
	at java.io.InputStream.read(Unknown Source) ~[na:1.7.0_03]
	at java.util.Properties$LineReader.readLine(Unknown Source) ~[na:1.7.0_03]
	at java.util.Properties.load0(Unknown Source) ~[na:1.7.0_03]
	at java.util.Properties.load(Unknown Source) ~[na:1.7.0_03]
	at org.apache.maven.index.updater.DefaultIndexUpdater.downloadIndexProperties(DefaultIndexUpdater.java:457) ~[indexer-core-3.1.0.jar:3.1.0]
	at org.apache.maven.index.updater.DefaultIndexUpdater.access$100(DefaultIndexUpdater.java:75) ~[indexer-core-3.1.0.jar:3.1.0]
	at org.apache.maven.index.updater.DefaultIndexUpdater$IndexAdaptor.setProperties(DefaultIndexUpdater.java:607) ~[indexer-core-3.1.0.jar:3.1.0]
	at org.apache.maven.index.updater.DefaultIndexUpdater.fetchAndUpdateIndex(DefaultIndexUpdater.java:788) ~[indexer-core-3.1.0.jar:3.1.0]
	at org.apache.maven.index.updater.DefaultIndexUpdater.fetchAndUpdateIndex(DefaultIndexUpdater.java:135) ~[indexer-core-3.1.0.jar:3.1.0]
	at org.eclipse.m2e.core.internal.index.nexus.NexusIndexManager.updateRemoteIndex(NexusIndexManager.java:1123) [org.eclipse.m2e.core_1.3.1.20130219-1424.jar:na]
	at org.eclipse.m2e.core.internal.index.nexus.NexusIndexManager.updateIndex(NexusIndexManager.java:1080) [org.eclipse.m2e.core_1.3.1.20130219-1424.jar:na]
	at org.eclipse.m2e.core.internal.index.nexus.NexusIndexManager$1.run(NexusIndexManager.java:657) [org.eclipse.m2e.core_1.3.1.20130219-1424.jar:na]
	at org.eclipse.m2e.core.internal.index.nexus.IndexUpdaterJob.run(IndexUpdaterJob.java:72) [org.eclipse.m2e.core_1.3.1.20130219-1424.jar:na]
	at org.eclipse.core.internal.jobs.Worker.run(Worker.java:53) [org.eclipse.core.jobs_3.5.300.v20120912-155018.jar:na]
java.io.IOException: Server returned status code 404: Not Found
	at org.eclipse.m2e.core.internal.index.nexus.AsyncFetcher$MonitorListener.onStatus(AsyncFetcher.java:280) ~[na:na]
	at com.ning.http.client.SimpleAsyncHttpClient$BodyConsumerAsyncHandler.fireStatus(SimpleAsyncHttpClient.java:828) ~[na:na]
	at com.ning.http.client.SimpleAsyncHttpClient$BodyConsumerAsyncHandler.onStatusReceived(SimpleAsyncHttpClient.java:779) ~[na:na]
	at com.ning.http.client.providers.netty.NettyAsyncHttpProvider.updateStatusAndInterrupt(NettyAsyncHttpProvider.java:1587) ~[na:na]
	at com.ning.http.client.providers.netty.NettyAsyncHttpProvider.messageReceived(NettyAsyncHttpProvider.java:1242) ~[na:na]
	at org.jboss.netty.channel.SimpleChannelUpstreamHandler.handleUpstream(SimpleChannelUpstreamHandler.java:80) ~[na:na]
	at org.jboss.netty.channel.DefaultChannelPipeline.sendUpstream(DefaultChannelPipeline.java:564) ~[na:na]
	at org.jboss.netty.channel.DefaultChannelPipeline$DefaultChannelHandlerContext.sendUpstream(DefaultChannelPipeline.java:783) ~[na:na]
	at org.jboss.netty.handler.stream.ChunkedWriteHandler.handleUpstream(ChunkedWriteHandler.java:149) ~[na:na]
	at org.jboss.netty.channel.DefaultChannelPipeline.sendUpstream(DefaultChannelPipeline.java:564) ~[na:na]
	at org.jboss.netty.channel.DefaultChannelPipeline$DefaultChannelHandlerContext.sendUpstream(DefaultChannelPipeline.java:783) ~[na:na]
	at org.jboss.netty.handler.codec.http.HttpContentDecoder.messageReceived(HttpContentDecoder.java:104) ~[na:na]
	at org.jboss.netty.channel.SimpleChannelUpstreamHandler.handleUpstream(SimpleChannelUpstreamHandler.java:80) ~[na:na]
	at org.jboss.netty.channel.DefaultChannelPipeline.sendUpstream(DefaultChannelPipeline.java:564) ~[na:na]
	at org.jboss.netty.channel.DefaultChannelPipeline$DefaultChannelHandlerContext.sendUpstream(DefaultChannelPipeline.java:783) ~[na:na]
	at org.jboss.netty.channel.Channels.fireMessageReceived(Channels.java:302) ~[na:na]
	at org.jboss.netty.handler.codec.replay.ReplayingDecoder.unfoldAndFireMessageReceived(ReplayingDecoder.java:522) ~[na:na]
	at org.jboss.netty.handler.codec.replay.ReplayingDecoder.callDecode(ReplayingDecoder.java:506) ~[na:na]
	at org.jboss.netty.handler.codec.replay.ReplayingDecoder.messageReceived(ReplayingDecoder.java:443) ~[na:na]
	at org.jboss.netty.channel.SimpleChannelUpstreamHandler.handleUpstream(SimpleChannelUpstreamHandler.java:80) ~[na:na]
	at org.jboss.netty.handler.codec.http.HttpClientCodec.handleUpstream(HttpClientCodec.java:77) ~[na:na]
	at org.jboss.netty.channel.DefaultChannelPipeline.sendUpstream(DefaultChannelPipeline.java:564) ~[na:na]
	at org.jboss.netty.channel.DefaultChannelPipeline.sendUpstream(DefaultChannelPipeline.java:559) ~[na:na]
	at org.jboss.netty.channel.Channels.fireMessageReceived(Channels.java:274) ~[na:na]
	at org.jboss.netty.channel.Channels.fireMessageReceived(Channels.java:261) ~[na:na]
	at org.jboss.netty.channel.socket.nio.NioWorker.read(NioWorker.java:349) ~[na:na]
	at org.jboss.netty.channel.socket.nio.NioWorker.processSelectedKeys(NioWorker.java:280) ~[na:na]
	at org.jboss.netty.channel.socket.nio.NioWorker.run(NioWorker.java:200) ~[na:na]
	at org.jboss.netty.util.ThreadRenamingRunnable.run(ThreadRenamingRunnable.java:108) ~[na:na]
	at org.jboss.netty.util.internal.DeadLockProofWorker$1.run(DeadLockProofWorker.java:44) ~[na:na]
	at java.util.concurrent.ThreadPoolExecutor.runWorker(Unknown Source) ~[na:1.7.0_03]
	at java.util.concurrent.ThreadPoolExecutor$Worker.run(Unknown Source) ~[na:1.7.0_03]
	at java.lang.Thread.run(Unknown Source) ~[na:1.7.0_03]
2013-07-06 13:53:33,449 [ModalContext] WARN  o.e.m.i.discovery.MavenDiscovery - CatalogItem org.eclipse.m2e.discovery.lifecyclemapping.m2e-wtp does not contain lifecycle mapping metadata
2013-07-06 13:53:33,452 [ModalContext] WARN  o.e.m.i.discovery.MavenDiscovery - CatalogItem org.eclipse.m2e.discovery.lifecyclemapping.m2e-egit does not contain lifecycle mapping metadata
2013-07-06 13:53:33,455 [ModalContext] WARN  o.e.m.i.discovery.MavenDiscovery - CatalogItem org.eclipse.m2e.discovery.lifecyclemapping.m2e-subversive does not contain lifecycle mapping metadata
2013-07-06 13:53:33,458 [ModalContext] WARN  o.e.m.i.discovery.MavenDiscovery - CatalogItem org.eclipse.m2e.discovery.lifecyclemapping.m2e-subclipse does not contain lifecycle mapping metadata
2013-07-06 13:53:48,828 [Worker-12] INFO  o.e.m.c.i.l.LifecycleMappingFactory - Using NULL lifecycle mapping for MavenProject: com.packt.maven:sample-packt-bigsystem:0.0.1-SNAPSHOT @ C:\PACKT\sample-multimodule-project\sample-packt-bigsystem\pom.xml.
2013-07-06 13:53:48,836 [Worker-12] INFO  o.e.m.c.i.l.LifecycleMappingFactory - Using NULL lifecycle mapping for MavenProject: com.packt.maven:sample-packt-serverside:0.0.1-SNAPSHOT @ C:\PACKT\sample-multimodule-project\sample-packt-bigsystem\sample-packt-serverside\pom.xml.
2013-07-06 13:53:49,183 [Worker-12] INFO  o.e.m.c.i.l.LifecycleMappingFactory - Using org.maven.ide.eclipse.wtp.WarLifecycleMapping lifecycle mapping for MavenProject: com.packt.maven:sample-ws-module:0.0.1-SNAPSHOT @ C:\PACKT\sample-multimodule-project\sample-packt-bigsystem\sample-packt-serverside\sample-ws-module\pom.xml.
2013-07-06 13:53:49,572 [Worker-12] INFO  o.e.m.c.i.l.LifecycleMappingFactory - Using org.maven.ide.eclipse.wtp.WarLifecycleMapping lifecycle mapping for MavenProject: com.packt.maven:sample-webapp-module:0.0.1-SNAPSHOT @ C:\PACKT\sample-multimodule-project\sample-packt-bigsystem\sample-packt-serverside\sample-webapp-module\pom.xml.
2013-07-06 13:53:49,654 [Worker-12] INFO  o.e.m.c.i.l.LifecycleMappingFactory - Using org.eclipse.m2e.jdt.JarLifecycleMapping lifecycle mapping for MavenProject: com.packt.maven:sample-wsclient-module:0.0.1-SNAPSHOT @ C:\PACKT\sample-multimodule-project\sample-packt-bigsystem\sample-packt-serverside\sample-wsclient-module\pom.xml.
2013-07-06 13:53:49,721 [Worker-12] INFO  o.e.m.c.i.l.LifecycleMappingFactory - Using org.eclipse.m2e.jdt.JarLifecycleMapping lifecycle mapping for MavenProject: com.packt.maven:sample-businesslogic-module:0.0.1-SNAPSHOT @ C:\PACKT\sample-multimodule-project\sample-packt-bigsystem\sample-packt-serverside\sample-businesslogic-module\pom.xml.
2013-07-06 13:53:49,781 [Worker-12] INFO  o.e.m.c.i.l.LifecycleMappingFactory - Using org.eclipse.m2e.jdt.JarLifecycleMapping lifecycle mapping for MavenProject: com.packt.maven:sample-dao-module:0.0.1-SNAPSHOT @ C:\PACKT\sample-multimodule-project\sample-packt-bigsystem\sample-packt-serverside\sample-dao-module\pom.xml.
2013-07-06 13:53:49,868 [Worker-12] INFO  o.e.m.c.i.l.LifecycleMappingFactory - Using org.eclipse.m2e.jdt.JarLifecycleMapping lifecycle mapping for MavenProject: com.packt.maven:sample-entity-module:0.0.1-SNAPSHOT @ C:\PACKT\sample-multimodule-project\sample-packt-bigsystem\sample-packt-serverside\sample-entity-module\pom.xml.
2013-07-06 13:53:49,962 [Worker-12] INFO  o.e.m.c.i.l.LifecycleMappingFactory - Using org.maven.ide.eclipse.wtp.EarLifecycleMapping lifecycle mapping for MavenProject: com.packt.maven:sample-ear-module:0.0.1-SNAPSHOT @ C:\PACKT\sample-multimodule-project\sample-packt-bigsystem\sample-packt-serverside\sample-ear-module\pom.xml.
2013-07-06 13:53:49,965 [Worker-12] INFO  o.e.m.c.i.l.LifecycleMappingFactory - Using NULL lifecycle mapping for MavenProject: com.packt.maven:sample-packt-clientside:0.0.1-SNAPSHOT @ C:\PACKT\sample-multimodule-project\sample-packt-bigsystem\sample-packt-clientside\pom.xml.
2013-07-06 13:53:49,968 [Worker-12] INFO  o.e.m.c.i.l.LifecycleMappingFactory - Using NULL lifecycle mapping for MavenProject: com.packt.maven:sample-packt-parent:0.0.1-SNAPSHOT @ C:\PACKT\sample-multimodule-project\sample-packt-parent\pom.xml.
2013-07-06 13:53:51,601 [Worker-12] INFO  o.e.m.c.i.embedder.EclipseLogger - Generating application.xml
2013-07-06 13:53:54,843 [Worker-12] INFO  o.e.m.j.i.AbstractJavaProjectConfigurator - Adding source folder /sample-ws-module/src/main/java
2013-07-06 13:53:54,844 [Worker-12] INFO  o.e.m.j.i.AbstractJavaProjectConfigurator - Adding resource folder /sample-ws-module/src/main/resources
2013-07-06 13:53:54,845 [Worker-12] INFO  o.e.m.j.i.AbstractJavaProjectConfigurator - Adding source folder /sample-ws-module/src/test/java
2013-07-06 13:53:54,850 [Worker-21] INFO  o.e.m.c.i.l.LifecycleMappingFactory - Using org.maven.ide.eclipse.wtp.WarLifecycleMapping lifecycle mapping for MavenProject: com.packt.maven:sample-ws-module:0.0.1-SNAPSHOT @ C:\PACKT\sample-multimodule-project\sample-packt-bigsystem\sample-packt-serverside\sample-ws-module\pom.xml.
2013-07-06 13:53:54,925 [Worker-21] INFO  o.e.m.c.i.l.LifecycleMappingFactory - Using org.maven.ide.eclipse.wtp.WarLifecycleMapping lifecycle mapping for MavenProject: com.packt.maven:sample-webapp-module:0.0.1-SNAPSHOT @ C:\PACKT\sample-multimodule-project\sample-packt-bigsystem\sample-packt-serverside\sample-webapp-module\pom.xml.
2013-07-06 13:53:55,016 [Worker-21] INFO  o.e.m.c.i.l.LifecycleMappingFactory - Using org.eclipse.m2e.jdt.JarLifecycleMapping lifecycle mapping for MavenProject: com.packt.maven:sample-wsclient-module:0.0.1-SNAPSHOT @ C:\PACKT\sample-multimodule-project\sample-packt-bigsystem\sample-packt-serverside\sample-wsclient-module\pom.xml.
2013-07-06 13:53:55,088 [Worker-21] INFO  o.e.m.c.i.l.LifecycleMappingFactory - Using org.eclipse.m2e.jdt.JarLifecycleMapping lifecycle mapping for MavenProject: com.packt.maven:sample-businesslogic-module:0.0.1-SNAPSHOT @ C:\PACKT\sample-multimodule-project\sample-packt-bigsystem\sample-packt-serverside\sample-businesslogic-module\pom.xml.
2013-07-06 13:53:55,148 [Worker-21] INFO  o.e.m.c.i.l.LifecycleMappingFactory - Using org.eclipse.m2e.jdt.JarLifecycleMapping lifecycle mapping for MavenProject: com.packt.maven:sample-dao-module:0.0.1-SNAPSHOT @ C:\PACKT\sample-multimodule-project\sample-packt-bigsystem\sample-packt-serverside\sample-dao-module\pom.xml.
2013-07-06 13:53:55,209 [Worker-21] INFO  o.e.m.c.i.l.LifecycleMappingFactory - Using org.eclipse.m2e.jdt.JarLifecycleMapping lifecycle mapping for MavenProject: com.packt.maven:sample-entity-module:0.0.1-SNAPSHOT @ C:\PACKT\sample-multimodule-project\sample-packt-bigsystem\sample-packt-serverside\sample-entity-module\pom.xml.
2013-07-06 13:53:55,274 [Worker-21] INFO  o.e.m.c.i.l.LifecycleMappingFactory - Using org.maven.ide.eclipse.wtp.EarLifecycleMapping lifecycle mapping for MavenProject: com.packt.maven:sample-ear-module:0.0.1-SNAPSHOT @ C:\PACKT\sample-multimodule-project\sample-packt-bigsystem\sample-packt-serverside\sample-ear-module\pom.xml.
2013-07-06 13:53:55,296 [Worker-21] INFO  o.e.m.c.i.l.LifecycleMappingFactory - Using NULL lifecycle mapping for MavenProject: com.packt.maven:sample-packt-bigsystem:0.0.1-SNAPSHOT @ C:\PACKT\sample-multimodule-project\sample-packt-bigsystem\pom.xml.
2013-07-06 13:53:55,316 [Worker-21] INFO  o.e.m.c.i.l.LifecycleMappingFactory - Using NULL lifecycle mapping for MavenProject: com.packt.maven:sample-packt-clientside:0.0.1-SNAPSHOT @ C:\PACKT\sample-multimodule-project\sample-packt-bigsystem\sample-packt-clientside\pom.xml.
2013-07-06 13:53:55,359 [Worker-21] INFO  o.e.m.c.i.l.LifecycleMappingFactory - Using NULL lifecycle mapping for MavenProject: com.packt.maven:sample-packt-parent:0.0.1-SNAPSHOT @ C:\PACKT\sample-multimodule-project\sample-packt-parent\pom.xml.
2013-07-06 13:53:55,361 [Worker-21] INFO  o.e.m.c.i.l.LifecycleMappingFactory - Using NULL lifecycle mapping for MavenProject: com.packt.maven:sample-packt-bigsystem:0.0.1-SNAPSHOT @ C:\PACKT\sample-multimodule-project\sample-packt-bigsystem\pom.xml.
2013-07-06 13:53:55,362 [Worker-21] INFO  o.e.m.c.i.l.LifecycleMappingFactory - Using NULL lifecycle mapping for MavenProject: com.packt.maven:sample-packt-clientside:0.0.1-SNAPSHOT @ C:\PACKT\sample-multimodule-project\sample-packt-bigsystem\sample-packt-clientside\pom.xml.
2013-07-06 13:53:55,511 [Worker-21] INFO  o.e.m.c.i.l.LifecycleMappingFactory - Using NULL lifecycle mapping for MavenProject: com.packt.maven:sample-packt-serverside:0.0.1-SNAPSHOT @ C:\PACKT\sample-multimodule-project\sample-packt-bigsystem\sample-packt-serverside\pom.xml.
2013-07-06 13:53:55,555 [Worker-21] INFO  o.e.m.c.i.l.LifecycleMappingFactory - Using org.maven.ide.eclipse.wtp.WarLifecycleMapping lifecycle mapping for MavenProject: com.packt.maven:sample-ws-module:0.0.1-SNAPSHOT @ C:\PACKT\sample-multimodule-project\sample-packt-bigsystem\sample-packt-serverside\sample-ws-module\pom.xml.
2013-07-06 13:53:55,647 [Worker-21] INFO  o.e.m.c.i.l.LifecycleMappingFactory - Using org.maven.ide.eclipse.wtp.WarLifecycleMapping lifecycle mapping for MavenProject: com.packt.maven:sample-webapp-module:0.0.1-SNAPSHOT @ C:\PACKT\sample-multimodule-project\sample-packt-bigsystem\sample-packt-serverside\sample-webapp-module\pom.xml.
2013-07-06 13:53:55,702 [Worker-21] INFO  o.e.m.c.i.l.LifecycleMappingFactory - Using org.eclipse.m2e.jdt.JarLifecycleMapping lifecycle mapping for MavenProject: com.packt.maven:sample-wsclient-module:0.0.1-SNAPSHOT @ C:\PACKT\sample-multimodule-project\sample-packt-bigsystem\sample-packt-serverside\sample-wsclient-module\pom.xml.
2013-07-06 13:53:55,767 [Worker-21] INFO  o.e.m.c.i.l.LifecycleMappingFactory - Using org.eclipse.m2e.jdt.JarLifecycleMapping lifecycle mapping for MavenProject: com.packt.maven:sample-businesslogic-module:0.0.1-SNAPSHOT @ C:\PACKT\sample-multimodule-project\sample-packt-bigsystem\sample-packt-serverside\sample-businesslogic-module\pom.xml.
2013-07-06 13:53:55,807 [Worker-21] INFO  o.e.m.c.i.l.LifecycleMappingFactory - Using org.eclipse.m2e.jdt.JarLifecycleMapping lifecycle mapping for MavenProject: com.packt.maven:sample-dao-module:0.0.1-SNAPSHOT @ C:\PACKT\sample-multimodule-project\sample-packt-bigsystem\sample-packt-serverside\sample-dao-module\pom.xml.
2013-07-06 13:53:55,858 [Worker-21] INFO  o.e.m.c.i.l.LifecycleMappingFactory - Using org.eclipse.m2e.jdt.JarLifecycleMapping lifecycle mapping for MavenProject: com.packt.maven:sample-entity-module:0.0.1-SNAPSHOT @ C:\PACKT\sample-multimodule-project\sample-packt-bigsystem\sample-packt-serverside\sample-entity-module\pom.xml.
2013-07-06 13:53:55,884 [Worker-21] INFO  o.e.m.c.i.l.LifecycleMappingFactory - Using org.maven.ide.eclipse.wtp.EarLifecycleMapping lifecycle mapping for MavenProject: com.packt.maven:sample-ear-module:0.0.1-SNAPSHOT @ C:\PACKT\sample-multimodule-project\sample-packt-bigsystem\sample-packt-serverside\sample-ear-module\pom.xml.
2013-07-06 13:53:57,361 [Worker-12] INFO  o.e.m.j.i.AbstractJavaProjectConfigurator - Adding source folder /sample-wsclient-module/src/main/java
2013-07-06 13:53:57,362 [Worker-12] INFO  o.e.m.j.i.AbstractJavaProjectConfigurator - Adding source folder /sample-wsclient-module/src/test/java
2013-07-06 13:53:57,446 [Worker-12] INFO  o.e.m.j.i.AbstractJavaProjectConfigurator - Adding source folder /sample-dao-module/src/main/java
2013-07-06 13:53:57,447 [Worker-12] INFO  o.e.m.j.i.AbstractJavaProjectConfigurator - Adding source folder /sample-dao-module/src/test/java
2013-07-06 13:53:57,493 [Worker-12] INFO  o.e.m.j.i.AbstractJavaProjectConfigurator - Adding source folder /sample-businesslogic-module/src/main/java
2013-07-06 13:53:57,494 [Worker-12] INFO  o.e.m.j.i.AbstractJavaProjectConfigurator - Adding source folder /sample-businesslogic-module/src/test/java
2013-07-06 13:53:57,581 [Worker-12] INFO  o.e.m.j.i.AbstractJavaProjectConfigurator - Adding source folder /sample-entity-module/src/main/java
2013-07-06 13:53:57,581 [Worker-12] INFO  o.e.m.j.i.AbstractJavaProjectConfigurator - Adding source folder /sample-entity-module/src/test/java
2013-07-06 13:53:57,634 [Worker-12] INFO  o.e.m.j.i.AbstractJavaProjectConfigurator - Adding source folder /sample-webapp-module/src/main/java
2013-07-06 13:53:57,635 [Worker-12] INFO  o.e.m.j.i.AbstractJavaProjectConfigurator - Adding resource folder /sample-webapp-module/src/main/resources
2013-07-06 13:53:57,635 [Worker-12] INFO  o.e.m.j.i.AbstractJavaProjectConfigurator - Adding source folder /sample-webapp-module/src/test/java
2013-07-06 13:53:58,881 [Worker-12] INFO  o.e.m.c.i.p.ProjectConfigurationManager - Project import completed 14 sec
2013-07-06 13:53:59,422 [Worker-21] INFO  o.e.m.c.i.embedder.EclipseLogger - Generating application.xml
2013-07-06 13:53:59,939 [Worker-21] INFO  o.e.m.c.i.p.ProjectConfigurationManager - Update started
2013-07-06 13:53:59,943 [Worker-21] INFO  o.e.m.c.i.p.ProjectConfigurationManager - Update completed: 0 sec
2013-07-06 13:54:00,657 [Worker-17] INFO  o.e.m.c.i.l.LifecycleMappingFactory - Using org.eclipse.m2e.jdt.JarLifecycleMapping lifecycle mapping for MavenProject: com.packt.maven:sample-businesslogic-module:0.0.1-SNAPSHOT @ C:\PACKT\sample-multimodule-project\sample-packt-bigsystem\sample-packt-serverside\sample-businesslogic-module\pom.xml.
2013-07-06 13:54:01,455 [Worker-17] INFO  o.e.m.c.i.embedder.EclipseLogger - Using 'UTF-8' encoding to copy filtered resources.
2013-07-06 13:54:01,455 [Worker-17] INFO  o.e.m.c.i.embedder.EclipseLogger - skip non existing resourceDirectory C:\PACKT\sample-multimodule-project\sample-packt-bigsystem\sample-packt-serverside\sample-businesslogic-module\src\main\resources
2013-07-06 13:54:01,457 [Worker-17] INFO  o.e.m.c.i.embedder.EclipseLogger - Using 'UTF-8' encoding to copy filtered resources.
2013-07-06 13:54:01,458 [Worker-17] INFO  o.e.m.c.i.embedder.EclipseLogger - skip non existing resourceDirectory C:\PACKT\sample-multimodule-project\sample-packt-bigsystem\sample-packt-serverside\sample-businesslogic-module\src\test\resources
2013-07-06 13:54:01,654 [Worker-17] INFO  o.e.m.c.i.l.LifecycleMappingFactory - Using org.eclipse.m2e.jdt.JarLifecycleMapping lifecycle mapping for MavenProject: com.packt.maven:sample-dao-module:0.0.1-SNAPSHOT @ C:\PACKT\sample-multimodule-project\sample-packt-bigsystem\sample-packt-serverside\sample-dao-module\pom.xml.
2013-07-06 13:54:01,748 [Worker-17] INFO  o.e.m.c.i.embedder.EclipseLogger - Using 'UTF-8' encoding to copy filtered resources.
2013-07-06 13:54:01,748 [Worker-17] INFO  o.e.m.c.i.embedder.EclipseLogger - skip non existing resourceDirectory C:\PACKT\sample-multimodule-project\sample-packt-bigsystem\sample-packt-serverside\sample-dao-module\src\main\resources
2013-07-06 13:54:01,749 [Worker-17] INFO  o.e.m.c.i.embedder.EclipseLogger - Using 'UTF-8' encoding to copy filtered resources.
2013-07-06 13:54:01,750 [Worker-17] INFO  o.e.m.c.i.embedder.EclipseLogger - skip non existing resourceDirectory C:\PACKT\sample-multimodule-project\sample-packt-bigsystem\sample-packt-serverside\sample-dao-module\src\test\resources
2013-07-06 13:54:01,919 [Worker-17] INFO  o.e.m.c.i.l.LifecycleMappingFactory - Using org.maven.ide.eclipse.wtp.EarLifecycleMapping lifecycle mapping for MavenProject: com.packt.maven:sample-ear-module:0.0.1-SNAPSHOT @ C:\PACKT\sample-multimodule-project\sample-packt-bigsystem\sample-packt-serverside\sample-ear-module\pom.xml.
2013-07-06 13:54:01,930 [Worker-17] INFO  o.e.m.c.i.embedder.EclipseLogger - Generating application.xml
2013-07-06 13:54:02,229 [Worker-17] WARN  o.e.m.c.i.embedder.EclipseLogger - Using platform encoding (Cp1252 actually) to copy filtered resources, i.e. build is platform dependent!
2013-07-06 13:54:02,232 [Worker-17] INFO  o.e.m.c.i.embedder.EclipseLogger - skip non existing resourceDirectory C:\PACKT\sample-multimodule-project\sample-packt-bigsystem\sample-packt-serverside\sample-ear-module\src\main\resources
2013-07-06 13:54:02,473 [Worker-17] INFO  o.e.m.c.i.l.LifecycleMappingFactory - Using org.eclipse.m2e.jdt.JarLifecycleMapping lifecycle mapping for MavenProject: com.packt.maven:sample-entity-module:0.0.1-SNAPSHOT @ C:\PACKT\sample-multimodule-project\sample-packt-bigsystem\sample-packt-serverside\sample-entity-module\pom.xml.
2013-07-06 13:54:02,566 [Worker-17] INFO  o.e.m.c.i.embedder.EclipseLogger - Using 'UTF-8' encoding to copy filtered resources.
2013-07-06 13:54:02,566 [Worker-17] INFO  o.e.m.c.i.embedder.EclipseLogger - skip non existing resourceDirectory C:\PACKT\sample-multimodule-project\sample-packt-bigsystem\sample-packt-serverside\sample-entity-module\src\main\resources
2013-07-06 13:54:02,568 [Worker-17] INFO  o.e.m.c.i.embedder.EclipseLogger - Using 'UTF-8' encoding to copy filtered resources.
2013-07-06 13:54:02,568 [Worker-17] INFO  o.e.m.c.i.embedder.EclipseLogger - skip non existing resourceDirectory C:\PACKT\sample-multimodule-project\sample-packt-bigsystem\sample-packt-serverside\sample-entity-module\src\test\resources
2013-07-06 13:54:02,617 [Worker-17] INFO  o.e.m.c.i.l.LifecycleMappingFactory - Using NULL lifecycle mapping for MavenProject: com.packt.maven:sample-packt-bigsystem:0.0.1-SNAPSHOT @ C:\PACKT\sample-multimodule-project\sample-packt-bigsystem\pom.xml.
2013-07-06 13:54:02,656 [Worker-17] INFO  o.e.m.c.i.l.LifecycleMappingFactory - Using NULL lifecycle mapping for MavenProject: com.packt.maven:sample-packt-clientside:0.0.1-SNAPSHOT @ C:\PACKT\sample-multimodule-project\sample-packt-bigsystem\sample-packt-clientside\pom.xml.
2013-07-06 13:54:02,915 [Worker-17] INFO  o.e.m.c.i.l.LifecycleMappingFactory - Using NULL lifecycle mapping for MavenProject: com.packt.maven:sample-packt-parent:0.0.1-SNAPSHOT @ C:\PACKT\sample-multimodule-project\sample-packt-parent\pom.xml.
2013-07-06 13:54:02,918 [Worker-17] INFO  o.e.m.c.i.l.LifecycleMappingFactory - Using NULL lifecycle mapping for MavenProject: com.packt.maven:sample-packt-serverside:0.0.1-SNAPSHOT @ C:\PACKT\sample-multimodule-project\sample-packt-bigsystem\sample-packt-serverside\pom.xml.
2013-07-06 13:54:02,920 [Worker-17] INFO  o.e.m.c.i.l.LifecycleMappingFactory - Using NULL lifecycle mapping for MavenProject: com.packt.maven:sample-packt-bigsystem:0.0.1-SNAPSHOT @ C:\PACKT\sample-multimodule-project\sample-packt-bigsystem\pom.xml.
2013-07-06 13:54:02,923 [Worker-17] INFO  o.e.m.c.i.l.LifecycleMappingFactory - Using NULL lifecycle mapping for MavenProject: com.packt.maven:sample-packt-clientside:0.0.1-SNAPSHOT @ C:\PACKT\sample-multimodule-project\sample-packt-bigsystem\sample-packt-clientside\pom.xml.
2013-07-06 13:54:02,986 [Worker-17] INFO  o.e.m.c.i.l.LifecycleMappingFactory - Using org.eclipse.m2e.jdt.JarLifecycleMapping lifecycle mapping for MavenProject: com.packt.maven:sample-wsclient-module:0.0.1-SNAPSHOT @ C:\PACKT\sample-multimodule-project\sample-packt-bigsystem\sample-packt-serverside\sample-wsclient-module\pom.xml.
2013-07-06 13:54:03,036 [Worker-17] INFO  o.e.m.c.i.l.LifecycleMappingFactory - Using org.maven.ide.eclipse.wtp.WarLifecycleMapping lifecycle mapping for MavenProject: com.packt.maven:sample-webapp-module:0.0.1-SNAPSHOT @ C:\PACKT\sample-multimodule-project\sample-packt-bigsystem\sample-packt-serverside\sample-webapp-module\pom.xml.
2013-07-06 13:54:03,089 [Worker-17] INFO  o.e.m.c.i.l.LifecycleMappingFactory - Using org.maven.ide.eclipse.wtp.WarLifecycleMapping lifecycle mapping for MavenProject: com.packt.maven:sample-ws-module:0.0.1-SNAPSHOT @ C:\PACKT\sample-multimodule-project\sample-packt-bigsystem\sample-packt-serverside\sample-ws-module\pom.xml.
2013-07-06 13:54:03,186 [Worker-17] INFO  o.e.m.c.i.l.LifecycleMappingFactory - Using org.eclipse.m2e.jdt.JarLifecycleMapping lifecycle mapping for MavenProject: com.packt.maven:sample-businesslogic-module:0.0.1-SNAPSHOT @ C:\PACKT\sample-multimodule-project\sample-packt-bigsystem\sample-packt-serverside\sample-businesslogic-module\pom.xml.
2013-07-06 13:54:03,239 [Worker-17] INFO  o.e.m.c.i.l.LifecycleMappingFactory - Using org.eclipse.m2e.jdt.JarLifecycleMapping lifecycle mapping for MavenProject: com.packt.maven:sample-dao-module:0.0.1-SNAPSHOT @ C:\PACKT\sample-multimodule-project\sample-packt-bigsystem\sample-packt-serverside\sample-dao-module\pom.xml.
2013-07-06 13:54:03,276 [Worker-17] INFO  o.e.m.c.i.l.LifecycleMappingFactory - Using org.maven.ide.eclipse.wtp.EarLifecycleMapping lifecycle mapping for MavenProject: com.packt.maven:sample-ear-module:0.0.1-SNAPSHOT @ C:\PACKT\sample-multimodule-project\sample-packt-bigsystem\sample-packt-serverside\sample-ear-module\pom.xml.
2013-07-06 13:54:03,345 [Worker-17] INFO  o.e.m.c.i.l.LifecycleMappingFactory - Using org.eclipse.m2e.jdt.JarLifecycleMapping lifecycle mapping for MavenProject: com.packt.maven:sample-entity-module:0.0.1-SNAPSHOT @ C:\PACKT\sample-multimodule-project\sample-packt-bigsystem\sample-packt-serverside\sample-entity-module\pom.xml.
2013-07-06 13:54:03,596 [Worker-17] INFO  o.e.m.c.i.embedder.EclipseLogger - Generating application.xml
2013-07-06 13:54:03,968 [Worker-17] INFO  o.e.m.c.i.l.LifecycleMappingFactory - Using NULL lifecycle mapping for MavenProject: com.packt.maven:sample-packt-serverside:0.0.1-SNAPSHOT @ C:\PACKT\sample-multimodule-project\sample-packt-bigsystem\sample-packt-serverside\pom.xml.
2013-07-06 13:54:04,033 [Worker-17] INFO  o.e.m.c.i.l.LifecycleMappingFactory - Using org.eclipse.m2e.jdt.JarLifecycleMapping lifecycle mapping for MavenProject: com.packt.maven:sample-wsclient-module:0.0.1-SNAPSHOT @ C:\PACKT\sample-multimodule-project\sample-packt-bigsystem\sample-packt-serverside\sample-wsclient-module\pom.xml.
2013-07-06 13:54:04,100 [Worker-17] INFO  o.e.m.c.i.l.LifecycleMappingFactory - Using org.eclipse.m2e.jdt.JarLifecycleMapping lifecycle mapping for MavenProject: com.packt.maven:sample-entity-module:0.0.1-SNAPSHOT @ C:\PACKT\sample-multimodule-project\sample-packt-bigsystem\sample-packt-serverside\sample-entity-module\pom.xml.
2013-07-06 13:54:04,176 [Worker-17] INFO  o.e.m.c.i.l.LifecycleMappingFactory - Using org.eclipse.m2e.jdt.JarLifecycleMapping lifecycle mapping for MavenProject: com.packt.maven:sample-dao-module:0.0.1-SNAPSHOT @ C:\PACKT\sample-multimodule-project\sample-packt-bigsystem\sample-packt-serverside\sample-dao-module\pom.xml.
2013-07-06 13:54:04,238 [Worker-17] INFO  o.e.m.c.i.l.LifecycleMappingFactory - Using org.eclipse.m2e.jdt.JarLifecycleMapping lifecycle mapping for MavenProject: com.packt.maven:sample-businesslogic-module:0.0.1-SNAPSHOT @ C:\PACKT\sample-multimodule-project\sample-packt-bigsystem\sample-packt-serverside\sample-businesslogic-module\pom.xml.
2013-07-06 13:54:04,337 [Worker-17] INFO  o.e.m.c.i.l.LifecycleMappingFactory - Using org.maven.ide.eclipse.wtp.WarLifecycleMapping lifecycle mapping for MavenProject: com.packt.maven:sample-webapp-module:0.0.1-SNAPSHOT @ C:\PACKT\sample-multimodule-project\sample-packt-bigsystem\sample-packt-serverside\sample-webapp-module\pom.xml.
2013-07-06 13:54:04,454 [Worker-17] INFO  o.e.m.c.i.l.LifecycleMappingFactory - Using org.maven.ide.eclipse.wtp.EarLifecycleMapping lifecycle mapping for MavenProject: com.packt.maven:sample-ear-module:0.0.1-SNAPSHOT @ C:\PACKT\sample-multimodule-project\sample-packt-bigsystem\sample-packt-serverside\sample-ear-module\pom.xml.
2013-07-06 13:54:04,511 [Worker-17] INFO  o.e.m.c.i.l.LifecycleMappingFactory - Using org.maven.ide.eclipse.wtp.WarLifecycleMapping lifecycle mapping for MavenProject: com.packt.maven:sample-ws-module:0.0.1-SNAPSHOT @ C:\PACKT\sample-multimodule-project\sample-packt-bigsystem\sample-packt-serverside\sample-ws-module\pom.xml.
2013-07-06 13:54:04,746 [Worker-17] INFO  o.e.m.c.i.embedder.EclipseLogger - Generating application.xml
2013-07-06 13:54:05,155 [Worker-13] INFO  o.e.m.c.i.embedder.EclipseLogger - Using 'UTF-8' encoding to copy filtered resources.
2013-07-06 13:54:05,156 [Worker-13] INFO  o.e.m.c.i.embedder.EclipseLogger - skip non existing resourceDirectory C:\PACKT\sample-multimodule-project\sample-packt-bigsystem\sample-packt-serverside\sample-businesslogic-module\src\main\resources
2013-07-06 13:54:05,157 [Worker-13] INFO  o.e.m.c.i.embedder.EclipseLogger - Using 'UTF-8' encoding to copy filtered resources.
2013-07-06 13:54:05,157 [Worker-13] INFO  o.e.m.c.i.embedder.EclipseLogger - skip non existing resourceDirectory C:\PACKT\sample-multimodule-project\sample-packt-bigsystem\sample-packt-serverside\sample-businesslogic-module\src\test\resources
2013-07-06 13:54:05,176 [Worker-13] INFO  o.e.m.c.i.embedder.EclipseLogger - Using 'UTF-8' encoding to copy filtered resources.
2013-07-06 13:54:05,181 [Worker-13] INFO  o.e.m.c.i.embedder.EclipseLogger - skip non existing resourceDirectory C:\PACKT\sample-multimodule-project\sample-packt-bigsystem\sample-packt-serverside\sample-dao-module\src\main\resources
2013-07-06 13:54:05,183 [Worker-13] INFO  o.e.m.c.i.embedder.EclipseLogger - Using 'UTF-8' encoding to copy filtered resources.
2013-07-06 13:54:05,184 [Worker-13] INFO  o.e.m.c.i.embedder.EclipseLogger - skip non existing resourceDirectory C:\PACKT\sample-multimodule-project\sample-packt-bigsystem\sample-packt-serverside\sample-dao-module\src\test\resources
2013-07-06 13:54:05,198 [Worker-13] WARN  o.e.m.c.i.embedder.EclipseLogger - Using platform encoding (Cp1252 actually) to copy filtered resources, i.e. build is platform dependent!
2013-07-06 13:54:05,200 [Worker-13] INFO  o.e.m.c.i.embedder.EclipseLogger - skip non existing resourceDirectory C:\PACKT\sample-multimodule-project\sample-packt-bigsystem\sample-packt-serverside\sample-ear-module\src\main\resources
2013-07-06 13:54:05,231 [Worker-13] INFO  o.e.m.c.i.embedder.EclipseLogger - Using 'UTF-8' encoding to copy filtered resources.
2013-07-06 13:54:05,231 [Worker-13] INFO  o.e.m.c.i.embedder.EclipseLogger - skip non existing resourceDirectory C:\PACKT\sample-multimodule-project\sample-packt-bigsystem\sample-packt-serverside\sample-entity-module\src\main\resources
2013-07-06 13:54:05,232 [Worker-13] INFO  o.e.m.c.i.embedder.EclipseLogger - Using 'UTF-8' encoding to copy filtered resources.
2013-07-06 13:54:05,232 [Worker-13] INFO  o.e.m.c.i.embedder.EclipseLogger - skip non existing resourceDirectory C:\PACKT\sample-multimodule-project\sample-packt-bigsystem\sample-packt-serverside\sample-entity-module\src\test\resources
2013-07-06 13:54:05,461 [Worker-13] INFO  o.e.m.c.i.l.LifecycleMappingFactory - Using org.maven.ide.eclipse.wtp.WarLifecycleMapping lifecycle mapping for MavenProject: com.packt.maven:sample-webapp-module:0.0.1-SNAPSHOT @ C:\PACKT\sample-multimodule-project\sample-packt-bigsystem\sample-packt-serverside\sample-webapp-module\pom.xml.
2013-07-06 13:54:05,537 [Worker-13] WARN  o.e.m.c.i.embedder.EclipseLogger - Using platform encoding (Cp1252 actually) to copy filtered resources, i.e. build is platform dependent!
2013-07-06 13:54:05,542 [Worker-13] INFO  o.e.m.c.i.embedder.EclipseLogger - Copying 0 resource
2013-07-06 13:54:05,544 [Worker-13] WARN  o.e.m.c.i.embedder.EclipseLogger - Using platform encoding (Cp1252 actually) to copy filtered resources, i.e. build is platform dependent!
2013-07-06 13:54:05,547 [Worker-13] INFO  o.e.m.c.i.embedder.EclipseLogger - skip non existing resourceDirectory C:\PACKT\sample-multimodule-project\sample-packt-bigsystem\sample-packt-serverside\sample-webapp-module\src\test\resources
2013-07-06 13:54:05,694 [Worker-13] INFO  o.e.m.c.i.l.LifecycleMappingFactory - Using org.maven.ide.eclipse.wtp.WarLifecycleMapping lifecycle mapping for MavenProject: com.packt.maven:sample-ws-module:0.0.1-SNAPSHOT @ C:\PACKT\sample-multimodule-project\sample-packt-bigsystem\sample-packt-serverside\sample-ws-module\pom.xml.
2013-07-06 13:54:05,786 [Worker-13] WARN  o.e.m.c.i.embedder.EclipseLogger - Using platform encoding (Cp1252 actually) to copy filtered resources, i.e. build is platform dependent!
2013-07-06 13:54:05,814 [Worker-13] INFO  o.e.m.c.i.embedder.EclipseLogger - Copying 0 resource
2013-07-06 13:54:05,818 [Worker-13] WARN  o.e.m.c.i.embedder.EclipseLogger - Using platform encoding (Cp1252 actually) to copy filtered resources, i.e. build is platform dependent!
2013-07-06 13:54:05,821 [Worker-13] INFO  o.e.m.c.i.embedder.EclipseLogger - skip non existing resourceDirectory C:\PACKT\sample-multimodule-project\sample-packt-bigsystem\sample-packt-serverside\sample-ws-module\src\test\resources
2013-07-06 13:54:06,086 [Worker-13] INFO  o.e.m.c.i.l.LifecycleMappingFactory - Using org.eclipse.m2e.jdt.JarLifecycleMapping lifecycle mapping for MavenProject: com.packt.maven:sample-wsclient-module:0.0.1-SNAPSHOT @ C:\PACKT\sample-multimodule-project\sample-packt-bigsystem\sample-packt-serverside\sample-wsclient-module\pom.xml.
2013-07-06 13:54:06,358 [Worker-13] INFO  o.e.m.c.i.embedder.EclipseLogger - Using 'UTF-8' encoding to copy filtered resources.
2013-07-06 13:54:06,359 [Worker-13] INFO  o.e.m.c.i.embedder.EclipseLogger - skip non existing resourceDirectory C:\PACKT\sample-multimodule-project\sample-packt-bigsystem\sample-packt-serverside\sample-wsclient-module\src\main\resources
2013-07-06 13:54:06,361 [Worker-13] INFO  o.e.m.c.i.embedder.EclipseLogger - Using 'UTF-8' encoding to copy filtered resources.
2013-07-06 13:54:06,361 [Worker-13] INFO  o.e.m.c.i.embedder.EclipseLogger - skip non existing resourceDirectory C:\PACKT\sample-multimodule-project\sample-packt-bigsystem\sample-packt-serverside\sample-wsclient-module\src\test\resources
